<?xml version="1.0" encoding="UTF-8"?>
<!-- Generated by org.testng.reporters.JUnitXMLReporter -->
<testsuite ignored="0" hostname="DESKTOP-GCR1L7K" failures="0" tests="4" name="Surefire test" time="39.533" errors="0" timestamp="2023-03-30T14:04:03 ART">
  <testcase classname="tests.Tests" name="PruebaCuatro" time="1.872"/>
  <testcase classname="tests.Tests" name="PruebaDos" time="4.225"/>
  <testcase classname="tests.Tests" name="PruebaTres" time="8.393"/>
  <testcase classname="tests.Tests" name="PruebaUno" time="4.77"/>
</testsuite> <!-- Surefire test -->
